[debug] [2017-08-05T22:46:50.774Z] ----------------------------------------------------------------------
[debug] [2017-08-05T22:46:50.777Z] Command:       /usr/local/Cellar/node/8.1.0_1/bin/node /usr/local/bin/firebase serve
[debug] [2017-08-05T22:46:50.777Z] CLI Version:   3.9.2
[debug] [2017-08-05T22:46:50.777Z] Platform:      darwin
[debug] [2017-08-05T22:46:50.778Z] Node Version:  v8.1.0
[debug] [2017-08-05T22:46:50.778Z] Time:          Sat Aug 05 2017 17:46:50 GMT-0500 (CDT)
[debug] [2017-08-05T22:46:50.778Z] ----------------------------------------------------------------------
[debug] 
[debug] [2017-08-05T22:46:50.793Z] > command requires scopes: ["email","openid","https://www.googleapis.com/auth/cloudplatformprojects.readonly","https://www.googleapis.com/auth/firebase","https://www.googleapis.com/auth/cloud-platform"]
[debug] [2017-08-05T22:46:50.794Z] > authorizing via signed-in user
[debug] [2017-08-05T22:46:50.796Z] > refreshing access token with scopes: ["email","https://www.googleapis.com/auth/cloud-platform","https://www.googleapis.com/auth/cloudplatformprojects.readonly","https://www.googleapis.com/auth/firebase","openid"]
[debug] [2017-08-05T22:46:50.796Z] >>> HTTP REQUEST POST https://www.googleapis.com/oauth2/v3/token { refresh_token: '1/UC-My_dJOBnYT1aN0dXGWJp7kCzSNidWQiW6cuelTmVdQc_ZXJgnE9zjVww7tkOJ',
  client_id: '563584335869-fgrhgmd47bqnekij5i8b5pr03ho849e6.apps.googleusercontent.com',
  client_secret: 'j9iVZfS8kkCEFUPaAeJV0sAi',
  grant_type: 'refresh_token',
  scope: 'email https://www.googleapis.com/auth/cloud-platform https://www.googleapis.com/auth/cloudplatformprojects.readonly https://www.googleapis.com/auth/firebase openid' } 
 Sat Aug 05 2017 17:46:50 GMT-0500 (CDT)
[debug] [2017-08-05T22:46:52.068Z] <<< HTTP RESPONSE 200
[debug] [2017-08-05T22:46:52.162Z] >>> HTTP REQUEST GET https://admin.firebase.com/v1/projects/hack-2018  
 Sat Aug 05 2017 17:46:52 GMT-0500 (CDT)
[debug] [2017-08-05T22:46:53.077Z] <<< HTTP RESPONSE 200
[debug] [2017-08-05T22:46:53.078Z] >>> HTTP REQUEST GET https://admin.firebase.com/v1/database/hack-2018/tokens  
 Sat Aug 05 2017 17:46:53 GMT-0500 (CDT)
[debug] [2017-08-05T22:46:53.836Z] <<< HTTP RESPONSE 200
[info] 
[info] === Serving from '/Users/davidcermenomoranchel/GDGUNAM/hack-2018'...
[info] 
[debug] [2017-08-05T22:46:53.839Z] >>> HTTP REQUEST GET https://cloudresourcemanager.googleapis.com/v1/projects/hack-2018  
 Sat Aug 05 2017 17:46:53 GMT-0500 (CDT)
[debug] [2017-08-05T22:46:54.871Z] <<< HTTP RESPONSE 200
[debug] [2017-08-05T22:46:54.871Z] >>> HTTP REQUEST GET https://mobilesdk-pa.googleapis.com/v1/projects/19198448984/clients/_:getWebAppConfig  
 Sat Aug 05 2017 17:46:54 GMT-0500 (CDT)
[debug] [2017-08-05T22:46:55.697Z] <<< HTTP RESPONSE 200
[info] i  hosting: Serving hosting files from: public
[info] ✔  hosting: Local server: http://localhost:5000

